<?xml version="1.0" encoding="UTF-8"?>
<!-- Generated by org.testng.reporters.JUnitReportReporter -->
<testsuite hostname="DABHADE-HOME" failures="0" tests="3" name="TESTNG.TestNG" time="0.027" errors="0" timestamp="2022-09-06T13:07:39 IST" skipped="0">
  <testcase classname="TESTNG.TestNG" name="testA" time="0.007"/>
  <system-out/>
  <testcase classname="TESTNG.TestNG" name="testB" time="0.003"/>
  <system-out/>
  <testcase classname="TESTNG.TestNG" name="testC" time="0.017"/>
  <system-out/>
</testsuite> <!-- TESTNG.TestNG -->
