<?xml version="1.0" encoding="UTF-8"?>
<!-- Generated by org.testng.reporters.JUnitReportReporter -->
<testsuite hostname="DABHADE-HOME" failures="0" tests="2" name="TESTNG.InvocationCount" time="0.203" errors="0" timestamp="2022-09-06T13:07:39 IST" skipped="0">
  <testcase classname="TESTNG.InvocationCount" name="test1" time="0.199"/>
  <system-out/>
  <testcase classname="TESTNG.InvocationCount" name="test1" time="0.004"/>
  <system-out/>
</testsuite> <!-- TESTNG.InvocationCount -->
