<?xml version="1.0" encoding="UTF-8"?>
<!-- Generated by org.testng.reporters.JUnitReportReporter -->
<testsuite hostname="DABHADE-HOME" failures="0" tests="2" name="TESTNG.Enabled" time="0.024" errors="0" timestamp="2022-09-06T13:52:47 IST" skipped="1">
  <testcase classname="TESTNG.Enabled" name="testB" time="0.024"/>
  <system-out/>
  <testcase classname="TESTNG.Enabled" name="testA">
    <skipped/>
  </testcase> <!-- testA -->
  <system-out/>
</testsuite> <!-- TESTNG.Enabled -->
