<?xml version="1.0" encoding="UTF-8"?>
<!-- Generated by org.testng.reporters.JUnitReportReporter -->
<testsuite hostname="DABHADE-HOME" failures="0" tests="2" name="Assertions.A" time="13.852" errors="0" timestamp="2022-09-13T08:52:04 IST" skipped="0">
  <testcase classname="Assertions.A" name="verifyLoginPage" time="13.121"/>
  <system-out/>
  <testcase classname="Assertions.A" name="verifyHomePage" time="0.731"/>
  <system-out/>
</testsuite> <!-- Assertions.A -->
