<?xml version="1.0" encoding="UTF-8"?>
<!-- Generated by org.testng.reporters.JUnitReportReporter -->
<testsuite hostname="DABHADE-HOME" failures="0" tests="2" name="testNGSuite.Class1" time="0.239" errors="0" timestamp="2022-09-07T15:34:00 IST" skipped="0">
  <testcase classname="testNGSuite.Class1" name="testA" time="0.228"/>
  <system-out/>
  <testcase classname="testNGSuite.Class1" name="testB" time="0.011"/>
  <system-out/>
</testsuite> <!-- testNGSuite.Class1 -->
