<?xml version="1.0" encoding="UTF-8"?>
<!-- Generated by org.testng.reporters.JUnitReportReporter -->
<testsuite hostname="DABHADE-HOME" failures="0" tests="2" name="testNGSuite2.Class3" time="0.098" errors="0" timestamp="2022-09-07T15:34:00 IST" skipped="0">
  <testcase classname="testNGSuite2.Class3" name="testB" time="0.072"/>
  <system-out/>
  <testcase classname="testNGSuite2.Class3" name="testA" time="0.026"/>
  <system-out/>
</testsuite> <!-- testNGSuite2.Class3 -->
