<?xml version="1.0" encoding="UTF-8"?>
<!-- Generated by org.testng.reporters.JUnitReportReporter -->
<testsuite hostname="DABHADE-HOME" failures="0" tests="4" name="TESTNG.DependOnMethod3" time="0.044" errors="0" timestamp="2022-09-06T13:07:39 IST" skipped="0">
  <testcase classname="TESTNG.DependOnMethod3" name="testC" time="0.013"/>
  <system-out/>
  <testcase classname="TESTNG.DependOnMethod3" name="testD" time="0.019"/>
  <system-out/>
  <testcase classname="TESTNG.DependOnMethod3" name="testA" time="0.004"/>
  <system-out/>
  <testcase classname="TESTNG.DependOnMethod3" name="testB" time="0.008"/>
  <system-out/>
</testsuite> <!-- TESTNG.DependOnMethod3 -->
