<?xml version="1.0" encoding="UTF-8"?>
<!-- Generated by org.testng.reporters.JUnitReportReporter -->
<testsuite hostname="DABHADE-HOME" failures="0" tests="4" name="TESTNG.DependOnMethod" time="0.006" errors="0" timestamp="2022-09-06T13:07:39 IST" skipped="0">
  <testcase classname="TESTNG.DependOnMethod" name="testD" time="0.002"/>
  <system-out/>
  <testcase classname="TESTNG.DependOnMethod" name="testC" time="0.002"/>
  <system-out/>
  <testcase classname="TESTNG.DependOnMethod" name="testA" time="0.001"/>
  <system-out/>
  <testcase classname="TESTNG.DependOnMethod" name="testB" time="0.001"/>
  <system-out/>
</testsuite> <!-- TESTNG.DependOnMethod -->
