<?xml version="1.0" encoding="UTF-8"?>
<!-- Generated by org.testng.reporters.JUnitReportReporter -->
<testsuite hostname="DABHADE-HOME" failures="0" tests="2" name="TESTNG.TestNG2" time="0.032" errors="0" timestamp="2022-09-06T13:31:05 IST" skipped="0">
  <testcase classname="TESTNG.TestNG2" name="Test1" time="0.018"/>
  <system-out/>
  <testcase classname="TESTNG.TestNG2" name="test2" time="0.014"/>
  <system-out/>
</testsuite> <!-- TESTNG.TestNG2 -->
