<?xml version="1.0" encoding="UTF-8"?>
<!-- Generated by org.testng.reporters.JUnitReportReporter -->
<testsuite hostname="DABHADE-HOME" failures="0" tests="2" name="testNGSuite.Class2" time="0.008" errors="0" timestamp="2022-09-07T15:34:00 IST" skipped="0">
  <testcase classname="testNGSuite.Class2" name="testB" time="0.003"/>
  <system-out/>
  <testcase classname="testNGSuite.Class2" name="testA" time="0.005"/>
  <system-out/>
</testsuite> <!-- testNGSuite.Class2 -->
