<?xml version="1.0" encoding="UTF-8"?>
<!-- Generated by org.testng.reporters.JUnitReportReporter -->
<testsuite hostname="DABHADE-HOME" failures="0" tests="4" name="TESTNG.PriorityKeyword" time="0.018" errors="0" timestamp="2022-09-06T13:07:39 IST" skipped="0">
  <testcase classname="TESTNG.PriorityKeyword" name="testB" time="0.006"/>
  <system-out/>
  <testcase classname="TESTNG.PriorityKeyword" name="testA" time="0.006"/>
  <system-out/>
  <testcase classname="TESTNG.PriorityKeyword" name="test1" time="0.002"/>
  <system-out/>
  <testcase classname="TESTNG.PriorityKeyword" name="test2" time="0.004"/>
  <system-out/>
</testsuite> <!-- TESTNG.PriorityKeyword -->
