<?xml version="1.0" encoding="UTF-8"?>
<!-- Generated by org.testng.reporters.JUnitReportReporter -->
<testsuite hostname="DABHADE-HOME" failures="0" tests="2" name="testNGSuite2.Class4" time="0.015" errors="0" timestamp="2022-09-07T15:34:00 IST" skipped="0">
  <testcase classname="testNGSuite2.Class4" name="testA" time="0.007"/>
  <system-out/>
  <testcase classname="testNGSuite2.Class4" name="testB" time="0.008"/>
  <system-out/>
</testsuite> <!-- testNGSuite2.Class4 -->
